GAME FLOW
Player 2 targeted [3][1] for a miss.
Player 1 targeted [0][0] for a miss.
Player 2 targeted [9][4] for a miss.
Player 1 targeted [1][1] for a miss.
Player 2 targeted [6][0] for a hit.
Player 1 targeted [2][2] for a miss.
Player 2 targeted [4][8] for a miss.
Player 1 targeted [3][3] for a miss.
Player 2 targeted [4][7] for a miss.
Player 1 targeted [4][4] for a miss.
Player 2 targeted [3][8] for a miss.
Player 1 targeted [5][5] for a miss.
Player 2 targeted [7][2] for a miss.
Player 1 targeted [6][6] for a miss.
Player 2 targeted [7][3] for a miss.
Player 1 targeted [7][7] for a miss.
Player 2 targeted [7][0] for a miss.
Player 1 targeted [8][8] for a miss.
Player 2 targeted [7][9] for a miss.
Player 1 targeted [9][9] for a miss.
Player 2 targeted [2][9] for a miss.
Player 1 targeted [0][2] for a miss.
Player 2 targeted [2][5] for a miss.
Player 1 targeted [0][4] for a miss.
Player 2 targeted [1][6] for a hit.
Player 1 targeted [0][6] for a miss.
Player 2 targeted [3][7] for a miss.
Player 1 targeted [0][8] for a miss.
Player 2 targeted [4][1] for a miss.
Player 1 targeted [1][3] for a miss.
Player 2 targeted [3][9] for a miss.
Player 1 targeted [1][5] for a miss.
Player 2 targeted [5][2] for a miss.
Player 1 targeted [1][7] for a miss.
Player 2 targeted [5][7] for a miss.
Player 1 targeted [1][9] for a miss.
Player 2 targeted [0][3] for a miss.
Player 1 targeted [2][0] for a miss.
Player 2 targeted [0][7] for a hit.
Player 1 targeted [2][4] for a miss.
Player 2 targeted [6][5] for a miss.
Player 1 targeted [2][6] for a hit.
Player 2 targeted [5][8] for a miss.
Player 1 targeted [2][7] for a hit.
Player 2 targeted [9][6] for a miss.
Player 1 targeted [2][5] for a hit.
Player 2's cruiser has been sunk!
Player 2 targeted [9][3] for a miss.
Player 1 targeted [2][8] for a miss.
Player 2 targeted [1][2] for a miss.
Player 1 targeted [3][1] for a miss.
Player 2 targeted [4][4] for a miss.
Player 1 targeted [3][5] for a hit.
Player 2 targeted [0][4] for a miss.
Player 1 targeted [3][4] for a miss.
Player 2 targeted [1][1] for a miss.
Player 1 targeted [3][6] for a miss.
Player 2 targeted [1][9] for a miss.
Player 1 targeted [3][7] for a miss.
Player 2 targeted [8][5] for a hit.
Player 1 targeted [3][9] for a miss.
Player 2 targeted [3][4] for a miss.
Player 1 targeted [4][0] for a miss.
Player 2 targeted [0][8] for a hit.
Player 1 targeted [4][2] for a miss.
Player 2 targeted [7][8] for a miss.
Player 1 targeted [4][5] for a hit.
Player 2's destroyer has been sunk!
Player 2 targeted [0][0] for a miss.
Player 1 targeted [4][6] for a miss.
Player 2 targeted [4][2] for a miss.
Player 1 targeted [4][8] for a miss.
Player 2 targeted [2][1] for a miss.
Player 1 targeted [5][1] for a miss.
Player 2 targeted [7][7] for a miss.
Player 1 targeted [5][3] for a miss.
Player 2 targeted [2][7] for a miss.
Player 1 targeted [5][7] for a hit.
Player 2 targeted [8][9] for a miss.
Player 1 targeted [5][6] for a miss.
Player 2 targeted [9][5] for a miss.
Player 1 targeted [5][8] for a miss.
Player 2 targeted [1][4] for a miss.
Player 1 targeted [4][7] for a hit.
Player 2 targeted [5][1] for a miss.
Player 1 targeted [6][7] for a hit.
Player 2's submarine has been sunk!
Player 2 targeted [3][5] for a miss.
Player 1 targeted [5][9] for a miss.
Player 2 targeted [5][9] for a hit.
Player 1 targeted [6][0] for a hit.
Player 2 targeted [4][3] for a miss.
Player 1 targeted [6][1] for a hit.
Player 2 targeted [2][3] for a miss.
Player 1 targeted [6][2] for a hit.
Player 2 targeted [3][6] for a hit.
Player 1 targeted [6][3] for a hit.
Player 2's battleship has been sunk!
Player 2 targeted [2][2] for a miss.
Player 1 targeted [6][4] for a miss.
Player 2 targeted [1][0] for a miss.
Player 1 targeted [6][8] for a miss.
Player 2 targeted [6][4] for a miss.
Player 1 targeted [7][0] for a miss.
Player 2 targeted [0][5] for a hit.
Player 1 targeted [7][2] for a miss.
Player 2 targeted [2][4] for a miss.
Player 1 targeted [7][4] for a miss.
Player 2 targeted [1][5] for a miss.
Player 1 targeted [7][6] for a miss.
Player 2 targeted [6][6] for a miss.
Player 1 targeted [7][9] for a miss.
Player 2 targeted [6][7] for a miss.
Player 1 targeted [8][1] for a miss.
Player 2 targeted [6][2] for a hit.
Player 1 targeted [8][3] for a miss.
Player 2 targeted [5][4] for a miss.
Player 1 targeted [8][5] for a miss.
Player 2 targeted [1][7] for a miss.
Player 1 targeted [8][7] for a miss.
Player 2 targeted [2][8] for a miss.
Player 1 targeted [9][0] for a hit.
Player 2 targeted [6][1] for a hit.
Player 1's submarine has been sunk!
Player 1 targeted [8][0] for a miss.
Player 2 targeted [2][6] for a hit.
Player 1's cruiser has been sunk!
Player 1 targeted [9][1] for a hit.
Player 2 targeted [4][6] for a miss.
Player 1 targeted [9][2] for a hit.
Player 2 targeted [8][0] for a miss.
Player 1 targeted [9][3] for a hit.
Player 2 targeted [8][4] for a hit.
Player 1 targeted [9][4] for a hit.
Player 2's carrier has been sunk!

PLAYER 1 STATS
Total Hits: 17
Total Misses: 47
Total Shots: 64
Hit-Miss Ratio: 0.265625
Game Result: Win

PLAYER 2 STATS
Total Hits: 12
Total Misses: 52
Total Shots: 64
Hit-Miss Ratio: 0.187500
Game Result: Loss