  main.c
c:\users\philip\documents\visual studio 2015\projects\pa4\main.c(32): warning C4996: 'scanf': This function or variable may be unsafe. Consider using scanf_s instead. To disable deprecation, use _CRT_SECURE_NO_WARNINGS. See online help for details.
  c:\program files (x86)\windows kits\10\include\10.0.10240.0\ucrt\stdio.h(1270): note: see declaration of 'scanf'
c:\users\philip\documents\visual studio 2015\projects\pa4\main.c(35): warning C4996: 'scanf': This function or variable may be unsafe. Consider using scanf_s instead. To disable deprecation, use _CRT_SECURE_NO_WARNINGS. See online help for details.
  c:\program files (x86)\windows kits\10\include\10.0.10240.0\ucrt\stdio.h(1270): note: see declaration of 'scanf'
c:\users\philip\documents\visual studio 2015\projects\pa4\main.c(46): warning C4996: 'scanf': This function or variable may be unsafe. Consider using scanf_s instead. To disable deprecation, use _CRT_SECURE_NO_WARNINGS. See online help for details.
  c:\program files (x86)\windows kits\10\include\10.0.10240.0\ucrt\stdio.h(1270): note: see declaration of 'scanf'
c:\users\philip\documents\visual studio 2015\projects\pa4\main.c(49): warning C4996: 'scanf': This function or variable may be unsafe. Consider using scanf_s instead. To disable deprecation, use _CRT_SECURE_NO_WARNINGS. See online help for details.
  c:\program files (x86)\windows kits\10\include\10.0.10240.0\ucrt\stdio.h(1270): note: see declaration of 'scanf'
c:\users\philip\documents\visual studio 2015\projects\pa4\main.c(70): warning C4996: 'scanf': This function or variable may be unsafe. Consider using scanf_s instead. To disable deprecation, use _CRT_SECURE_NO_WARNINGS. See online help for details.
  c:\program files (x86)\windows kits\10\include\10.0.10240.0\ucrt\stdio.h(1270): note: see declaration of 'scanf'
  craps.c
c:\users\philip\documents\visual studio 2015\projects\pa4\craps.c(23): warning C4996: 'scanf': This function or variable may be unsafe. Consider using scanf_s instead. To disable deprecation, use _CRT_SECURE_NO_WARNINGS. See online help for details.
  c:\program files (x86)\windows kits\10\include\10.0.10240.0\ucrt\stdio.h(1270): note: see declaration of 'scanf'
c:\users\philip\documents\visual studio 2015\projects\pa4\craps.c(31): warning C4996: 'scanf': This function or variable may be unsafe. Consider using scanf_s instead. To disable deprecation, use _CRT_SECURE_NO_WARNINGS. See online help for details.
  c:\program files (x86)\windows kits\10\include\10.0.10240.0\ucrt\stdio.h(1270): note: see declaration of 'scanf'
c:\users\philip\documents\visual studio 2015\projects\pa4\craps.c(47): warning C4013: 'srand' undefined; assuming extern returning int
c:\users\philip\documents\visual studio 2015\projects\pa4\craps.c(47): warning C4013: 'time' undefined; assuming extern returning int
c:\users\philip\documents\visual studio 2015\projects\pa4\craps.c(48): warning C4013: 'rand' undefined; assuming extern returning int
  Generating Code...
  PA4.vcxproj -> C:\Users\Philip\Documents\Visual Studio 2015\Projects\PA4\Debug\PA4.exe
  PA4.vcxproj -> C:\Users\Philip\Documents\Visual Studio 2015\Projects\PA4\Debug\PA4.pdb (Full PDB)
